<?xml version="1.0" encoding="UTF-8"?>
<!-- Generated by org.testng.reporters.JUnitReportReporter -->
<testsuite hostname="Kirans-MacBook-Air.local" name="com.cashkaro.uitests.tests.ForgotPasswordTest" tests="1" failures="0" timestamp="18 Jan 2017 14:39:29 GMT" time="7.049" errors="0">
  <testcase name="testForgotPassword" time="7.049" classname="com.cashkaro.uitests.tests.ForgotPasswordTest"/>
</testsuite> <!-- com.cashkaro.uitests.tests.ForgotPasswordTest -->
