<?xml version="1.0" encoding="UTF-8"?>
<!-- Generated by org.testng.reporters.JUnitReportReporter -->
<testsuite hostname="Kirans-MacBook-Air.local" name="com.cashkaro.uitests.tests.LoginTest" tests="1" failures="0" timestamp="18 Jan 2017 14:39:29 GMT" time="3.914" errors="0">
  <testcase name="testLogin" time="3.914" classname="com.cashkaro.uitests.tests.LoginTest"/>
</testsuite> <!-- com.cashkaro.uitests.tests.LoginTest -->
